[ 2020-11-09T21:23:19+08:00 ] 127.0.0.1 127.0.0.1 GET /
[ log ] new.com/ [运行时间：0.508029s][吞吐率：1.97req/s] [内存消耗：3,305.34kb] [文件加载：44]
[ info ] [ LANG ] D:\phpstudy_pro\WWW\thinkphp_news\thinkphp\lang\zh-cn.php
[ info ] [ ROUTE ] array (
  'type' => 'module',
  'module' => 
  array (
    0 => 'web',
    1 => 'index',
    2 => 'index',
  ),
  'convert' => false,
)
[ info ] [ HEADER ] array (
  'cookie' => 'Hm_lvt_2f85a3983cf5632e1a1707a23feeef55=1604495221,1604668763,1604723208,1604804147',
  'accept-language' => 'zh-CN,zh;q=0.9',
  'accept-encoding' => 'gzip, deflate',
  'purpose' => 'prefetch',
  'accept' => 'text/html,application/xhtml+xml,application/xml;q=0.9,image/avif,image/webp,image/apng,*/*;q=0.8,application/signed-exchange;v=b3;q=0.9',
  'user-agent' => 'Mozilla/5.0 (Windows NT 6.1; Win64; x64) AppleWebKit/537.36 (KHTML, like Gecko) Chrome/86.0.4240.183 Safari/537.36',
  'upgrade-insecure-requests' => '1',
  'connection' => 'close',
  'host' => 'new.com',
)
[ info ] [ PARAM ] array (
)
[ info ] [ DB ] INIT mysql
[ info ] [ RUN ] app\web\controller\Index->index[ D:\phpstudy_pro\WWW\thinkphp_news\app\web\controller\Index.php ]
[ info ] [ VIEW ] D:\phpstudy_pro\WWW\thinkphp_news\public/../app/web\view\index.html [ array (
  0 => 'version',
  1 => 'isMobile',
  2 => 'headerMap',
  3 => 'pathIndex',
  4 => 'title',
  5 => 'hotList',
  6 => 'week',
  7 => 'linkList',
  8 => 'seo',
  9 => 'newsData',
) ]
[ info ] [ LOG ] INIT File

---------------------------------------------------------------
[ 2020-11-09T21:23:19+08:00 ] 127.0.0.1 127.0.0.1 GET /static/image/logo4.png
[ log ] new.com/static/image/logo4.png [运行时间：0.026002s][吞吐率：38.46req/s] [内存消耗：997.34kb] [文件加载：27]
[ info ] [ LANG ] D:\phpstudy_pro\WWW\thinkphp_news\thinkphp\lang\zh-cn.php
[ info ] [ ROUTE ] array (
  'type' => 'module',
  'module' => 
  array (
    0 => 'static',
    1 => 'image',
    2 => 'logo4.png',
  ),
)
[ info ] [ HEADER ] array (
  'if-modified-since' => 'Fri, 06 Nov 2020 10:47:46 GMT',
  'if-none-match' => '"3d61-5b36df1609880"',
  'cookie' => 'Hm_lvt_2f85a3983cf5632e1a1707a23feeef55=1604495221,1604668763,1604723208,1604804147',
  'accept-language' => 'zh-CN,zh;q=0.9',
  'accept-encoding' => 'gzip, deflate',
  'referer' => 'http://new.com/',
  'purpose' => 'prefetch',
  'accept' => 'application/signed-exchange;v=b3;q=0.9,*/*;q=0.8',
  'user-agent' => 'Mozilla/5.0 (Windows NT 6.1; Win64; x64) AppleWebKit/537.36 (KHTML, like Gecko) Chrome/86.0.4240.183 Safari/537.36',
  'connection' => 'close',
  'host' => 'new.com',
)
[ info ] [ PARAM ] array (
)
[ info ] [ LOG ] INIT File

---------------------------------------------------------------
[ 2020-11-09T21:23:20+08:00 ] 127.0.0.1 127.0.0.1 GET /static/image/logo4.png
[ log ] new.com/static/image/logo4.png [运行时间：0.017001s][吞吐率：58.82req/s] [内存消耗：996.28kb] [文件加载：27]
[ info ] [ LANG ] D:\phpstudy_pro\WWW\thinkphp_news\thinkphp\lang\zh-cn.php
[ info ] [ ROUTE ] array (
  'type' => 'module',
  'module' => 
  array (
    0 => 'static',
    1 => 'image',
    2 => 'logo4.png',
  ),
)
[ info ] [ HEADER ] array (
  'cookie' => 'Hm_lvt_2f85a3983cf5632e1a1707a23feeef55=1604495221,1604668763,1604723208,1604804147',
  'accept-language' => 'zh-CN,zh;q=0.9',
  'accept-encoding' => 'gzip, deflate',
  'referer' => 'http://new.com/',
  'accept' => 'image/avif,image/webp,image/apng,image/*,*/*;q=0.8',
  'user-agent' => 'Mozilla/5.0 (Windows NT 6.1; Win64; x64) AppleWebKit/537.36 (KHTML, like Gecko) Chrome/86.0.4240.183 Safari/537.36',
  'connection' => 'close',
  'host' => 'new.com',
)
[ info ] [ PARAM ] array (
)
[ info ] [ LOG ] INIT File

---------------------------------------------------------------
[ 2020-11-09T21:23:20+08:00 ] 127.0.0.1 127.0.0.1 GET /static/image/trophy1.png
[ log ] new.com/static/image/trophy1.png [运行时间：0.016001s][吞吐率：62.50req/s] [内存消耗：997.39kb] [文件加载：27]
[ info ] [ LANG ] D:\phpstudy_pro\WWW\thinkphp_news\thinkphp\lang\zh-cn.php
[ info ] [ ROUTE ] array (
  'type' => 'module',
  'module' => 
  array (
    0 => 'static',
    1 => 'image',
    2 => 'trophy1.png',
  ),
)
[ info ] [ HEADER ] array (
  'if-modified-since' => 'Fri, 06 Nov 2020 10:47:46 GMT',
  'if-none-match' => '"16a1-5b36df1609880"',
  'cookie' => 'Hm_lvt_2f85a3983cf5632e1a1707a23feeef55=1604495221,1604668763,1604723208,1604804147',
  'accept-language' => 'zh-CN,zh;q=0.9',
  'accept-encoding' => 'gzip, deflate',
  'referer' => 'http://new.com/',
  'purpose' => 'prefetch',
  'accept' => 'application/signed-exchange;v=b3;q=0.9,*/*;q=0.8',
  'user-agent' => 'Mozilla/5.0 (Windows NT 6.1; Win64; x64) AppleWebKit/537.36 (KHTML, like Gecko) Chrome/86.0.4240.183 Safari/537.36',
  'connection' => 'close',
  'host' => 'new.com',
)
[ info ] [ PARAM ] array (
)
[ info ] [ LOG ] INIT File

---------------------------------------------------------------
[ 2020-11-09T21:23:20+08:00 ] 127.0.0.1 127.0.0.1 GET /static/image/trophy2.png
[ log ] new.com/static/image/trophy2.png [运行时间：0.019001s][吞吐率：52.63req/s] [内存消耗：997.39kb] [文件加载：27]
[ info ] [ LANG ] D:\phpstudy_pro\WWW\thinkphp_news\thinkphp\lang\zh-cn.php
[ info ] [ ROUTE ] array (
  'type' => 'module',
  'module' => 
  array (
    0 => 'static',
    1 => 'image',
    2 => 'trophy2.png',
  ),
)
[ info ] [ HEADER ] array (
  'if-modified-since' => 'Fri, 06 Nov 2020 10:47:46 GMT',
  'if-none-match' => '"1bbe-5b36df1609880"',
  'cookie' => 'Hm_lvt_2f85a3983cf5632e1a1707a23feeef55=1604495221,1604668763,1604723208,1604804147',
  'accept-language' => 'zh-CN,zh;q=0.9',
  'accept-encoding' => 'gzip, deflate',
  'referer' => 'http://new.com/',
  'purpose' => 'prefetch',
  'accept' => 'application/signed-exchange;v=b3;q=0.9,*/*;q=0.8',
  'user-agent' => 'Mozilla/5.0 (Windows NT 6.1; Win64; x64) AppleWebKit/537.36 (KHTML, like Gecko) Chrome/86.0.4240.183 Safari/537.36',
  'connection' => 'close',
  'host' => 'new.com',
)
[ info ] [ PARAM ] array (
)
[ info ] [ LOG ] INIT File

---------------------------------------------------------------
[ 2020-11-09T21:23:21+08:00 ] 127.0.0.1 127.0.0.1 GET /static/image/trophy3.png
[ log ] new.com/static/image/trophy3.png [运行时间：0.019001s][吞吐率：52.63req/s] [内存消耗：997.39kb] [文件加载：27]
[ info ] [ LANG ] D:\phpstudy_pro\WWW\thinkphp_news\thinkphp\lang\zh-cn.php
[ info ] [ ROUTE ] array (
  'type' => 'module',
  'module' => 
  array (
    0 => 'static',
    1 => 'image',
    2 => 'trophy3.png',
  ),
)
[ info ] [ HEADER ] array (
  'if-modified-since' => 'Fri, 06 Nov 2020 10:47:46 GMT',
  'if-none-match' => '"1c3c-5b36df1609880"',
  'cookie' => 'Hm_lvt_2f85a3983cf5632e1a1707a23feeef55=1604495221,1604668763,1604723208,1604804147',
  'accept-language' => 'zh-CN,zh;q=0.9',
  'accept-encoding' => 'gzip, deflate',
  'referer' => 'http://new.com/',
  'purpose' => 'prefetch',
  'accept' => 'application/signed-exchange;v=b3;q=0.9,*/*;q=0.8',
  'user-agent' => 'Mozilla/5.0 (Windows NT 6.1; Win64; x64) AppleWebKit/537.36 (KHTML, like Gecko) Chrome/86.0.4240.183 Safari/537.36',
  'connection' => 'close',
  'host' => 'new.com',
)
[ info ] [ PARAM ] array (
)
[ info ] [ LOG ] INIT File

---------------------------------------------------------------
[ 2020-11-09T21:23:21+08:00 ] 127.0.0.1 127.0.0.1 GET /static/image/code.jpg
[ log ] new.com/static/image/code.jpg [运行时间：0.019002s][吞吐率：52.63req/s] [内存消耗：997.34kb] [文件加载：27]
[ info ] [ LANG ] D:\phpstudy_pro\WWW\thinkphp_news\thinkphp\lang\zh-cn.php
[ info ] [ ROUTE ] array (
  'type' => 'module',
  'module' => 
  array (
    0 => 'static',
    1 => 'image',
    2 => 'code.jpg',
  ),
)
[ info ] [ HEADER ] array (
  'if-modified-since' => 'Fri, 06 Nov 2020 10:47:46 GMT',
  'if-none-match' => '"8c20-5b36df1609880"',
  'cookie' => 'Hm_lvt_2f85a3983cf5632e1a1707a23feeef55=1604495221,1604668763,1604723208,1604804147',
  'accept-language' => 'zh-CN,zh;q=0.9',
  'accept-encoding' => 'gzip, deflate',
  'referer' => 'http://new.com/',
  'purpose' => 'prefetch',
  'accept' => 'application/signed-exchange;v=b3;q=0.9,*/*;q=0.8',
  'user-agent' => 'Mozilla/5.0 (Windows NT 6.1; Win64; x64) AppleWebKit/537.36 (KHTML, like Gecko) Chrome/86.0.4240.183 Safari/537.36',
  'connection' => 'close',
  'host' => 'new.com',
)
[ info ] [ PARAM ] array (
)
[ info ] [ LOG ] INIT File

---------------------------------------------------------------
[ 2020-11-09T21:23:21+08:00 ] 127.0.0.1 127.0.0.1 GET /static/image/gg.png
[ log ] new.com/static/image/gg.png [运行时间：0.019001s][吞吐率：52.63req/s] [内存消耗：997.30kb] [文件加载：27]
[ info ] [ LANG ] D:\phpstudy_pro\WWW\thinkphp_news\thinkphp\lang\zh-cn.php
[ info ] [ ROUTE ] array (
  'type' => 'module',
  'module' => 
  array (
    0 => 'static',
    1 => 'image',
    2 => 'gg.png',
  ),
)
[ info ] [ HEADER ] array (
  'if-modified-since' => 'Fri, 06 Nov 2020 10:47:46 GMT',
  'if-none-match' => '"2dbd6-5b36df1609880"',
  'cookie' => 'Hm_lvt_2f85a3983cf5632e1a1707a23feeef55=1604495221,1604668763,1604723208,1604804147',
  'accept-language' => 'zh-CN,zh;q=0.9',
  'accept-encoding' => 'gzip, deflate',
  'referer' => 'http://new.com/',
  'purpose' => 'prefetch',
  'accept' => 'application/signed-exchange;v=b3;q=0.9,*/*;q=0.8',
  'user-agent' => 'Mozilla/5.0 (Windows NT 6.1; Win64; x64) AppleWebKit/537.36 (KHTML, like Gecko) Chrome/86.0.4240.183 Safari/537.36',
  'connection' => 'close',
  'host' => 'new.com',
)
[ info ] [ PARAM ] array (
)
[ info ] [ LOG ] INIT File

---------------------------------------------------------------
[ 2020-11-09T21:23:23+08:00 ] 127.0.0.1 127.0.0.1 GET /
[ log ] new.com/ [运行时间：0.098006s][吞吐率：10.20req/s] [内存消耗：3,305.73kb] [文件加载：44]
[ info ] [ LANG ] D:\phpstudy_pro\WWW\thinkphp_news\thinkphp\lang\zh-cn.php
[ info ] [ ROUTE ] array (
  'type' => 'module',
  'module' => 
  array (
    0 => 'web',
    1 => 'index',
    2 => 'index',
  ),
  'convert' => false,
)
[ info ] [ HEADER ] array (
  'cookie' => 'Hm_lvt_2f85a3983cf5632e1a1707a23feeef55=1604668763,1604723208,1604804147,1604928201; Hm_lpvt_2f85a3983cf5632e1a1707a23feeef55=1604928201',
  'accept-language' => 'zh-CN,zh;q=0.9',
  'accept-encoding' => 'gzip, deflate',
  'accept' => 'text/html,application/xhtml+xml,application/xml;q=0.9,image/avif,image/webp,image/apng,*/*;q=0.8,application/signed-exchange;v=b3;q=0.9',
  'user-agent' => 'Mozilla/5.0 (Windows NT 6.1; Win64; x64) AppleWebKit/537.36 (KHTML, like Gecko) Chrome/86.0.4240.183 Safari/537.36',
  'upgrade-insecure-requests' => '1',
  'cache-control' => 'max-age=0',
  'connection' => 'close',
  'host' => 'new.com',
)
[ info ] [ PARAM ] array (
)
[ info ] [ DB ] INIT mysql
[ info ] [ RUN ] app\web\controller\Index->index[ D:\phpstudy_pro\WWW\thinkphp_news\app\web\controller\Index.php ]
[ info ] [ VIEW ] D:\phpstudy_pro\WWW\thinkphp_news\public/../app/web\view\index.html [ array (
  0 => 'version',
  1 => 'isMobile',
  2 => 'headerMap',
  3 => 'pathIndex',
  4 => 'title',
  5 => 'hotList',
  6 => 'week',
  7 => 'linkList',
  8 => 'seo',
  9 => 'newsData',
) ]
[ info ] [ LOG ] INIT File

---------------------------------------------------------------
[ 2020-11-09T21:23:23+08:00 ] 127.0.0.1 127.0.0.1 GET /static/image/logo4.png
[ log ] new.com/static/image/logo4.png [运行时间：0.017001s][吞吐率：58.82req/s] [内存消耗：996.52kb] [文件加载：27]
[ info ] [ LANG ] D:\phpstudy_pro\WWW\thinkphp_news\thinkphp\lang\zh-cn.php
[ info ] [ ROUTE ] array (
  'type' => 'module',
  'module' => 
  array (
    0 => 'static',
    1 => 'image',
    2 => 'logo4.png',
  ),
)
[ info ] [ HEADER ] array (
  'cookie' => 'Hm_lvt_2f85a3983cf5632e1a1707a23feeef55=1604668763,1604723208,1604804147,1604928201; Hm_lpvt_2f85a3983cf5632e1a1707a23feeef55=1604928201',
  'accept-language' => 'zh-CN,zh;q=0.9',
  'accept-encoding' => 'gzip, deflate',
  'referer' => 'http://new.com/',
  'accept' => 'image/avif,image/webp,image/apng,image/*,*/*;q=0.8',
  'user-agent' => 'Mozilla/5.0 (Windows NT 6.1; Win64; x64) AppleWebKit/537.36 (KHTML, like Gecko) Chrome/86.0.4240.183 Safari/537.36',
  'connection' => 'close',
  'host' => 'new.com',
)
[ info ] [ PARAM ] array (
)
[ info ] [ LOG ] INIT File

---------------------------------------------------------------
[ 2020-11-09T21:23:23+08:00 ] 127.0.0.1 127.0.0.1 GET /static/image/code.jpg
[ log ] new.com/static/image/code.jpg [运行时间：0.016001s][吞吐率：62.50req/s] [内存消耗：996.52kb] [文件加载：27]
[ info ] [ LANG ] D:\phpstudy_pro\WWW\thinkphp_news\thinkphp\lang\zh-cn.php
[ info ] [ ROUTE ] array (
  'type' => 'module',
  'module' => 
  array (
    0 => 'static',
    1 => 'image',
    2 => 'code.jpg',
  ),
)
[ info ] [ HEADER ] array (
  'cookie' => 'Hm_lvt_2f85a3983cf5632e1a1707a23feeef55=1604668763,1604723208,1604804147,1604928201; Hm_lpvt_2f85a3983cf5632e1a1707a23feeef55=1604928201',
  'accept-language' => 'zh-CN,zh;q=0.9',
  'accept-encoding' => 'gzip, deflate',
  'referer' => 'http://new.com/',
  'accept' => 'image/avif,image/webp,image/apng,image/*,*/*;q=0.8',
  'user-agent' => 'Mozilla/5.0 (Windows NT 6.1; Win64; x64) AppleWebKit/537.36 (KHTML, like Gecko) Chrome/86.0.4240.183 Safari/537.36',
  'connection' => 'close',
  'host' => 'new.com',
)
[ info ] [ PARAM ] array (
)
[ info ] [ LOG ] INIT File

---------------------------------------------------------------
[ 2020-11-09T21:23:23+08:00 ] 127.0.0.1 127.0.0.1 GET /static/image/trophy1.png
[ log ] new.com/static/image/trophy1.png [运行时间：0.017001s][吞吐率：58.82req/s] [内存消耗：996.56kb] [文件加载：27]
[ info ] [ LANG ] D:\phpstudy_pro\WWW\thinkphp_news\thinkphp\lang\zh-cn.php
[ info ] [ ROUTE ] array (
  'type' => 'module',
  'module' => 
  array (
    0 => 'static',
    1 => 'image',
    2 => 'trophy1.png',
  ),
)
[ info ] [ HEADER ] array (
  'cookie' => 'Hm_lvt_2f85a3983cf5632e1a1707a23feeef55=1604668763,1604723208,1604804147,1604928201; Hm_lpvt_2f85a3983cf5632e1a1707a23feeef55=1604928201',
  'accept-language' => 'zh-CN,zh;q=0.9',
  'accept-encoding' => 'gzip, deflate',
  'referer' => 'http://new.com/',
  'accept' => 'image/avif,image/webp,image/apng,image/*,*/*;q=0.8',
  'user-agent' => 'Mozilla/5.0 (Windows NT 6.1; Win64; x64) AppleWebKit/537.36 (KHTML, like Gecko) Chrome/86.0.4240.183 Safari/537.36',
  'connection' => 'close',
  'host' => 'new.com',
)
[ info ] [ PARAM ] array (
)
[ info ] [ LOG ] INIT File

---------------------------------------------------------------
[ 2020-11-09T21:23:23+08:00 ] 127.0.0.1 127.0.0.1 GET /static/image/trophy2.png
[ log ] new.com/static/image/trophy2.png [运行时间：0.016001s][吞吐率：62.50req/s] [内存消耗：996.56kb] [文件加载：27]
[ info ] [ LANG ] D:\phpstudy_pro\WWW\thinkphp_news\thinkphp\lang\zh-cn.php
[ info ] [ ROUTE ] array (
  'type' => 'module',
  'module' => 
  array (
    0 => 'static',
    1 => 'image',
    2 => 'trophy2.png',
  ),
)
[ info ] [ HEADER ] array (
  'cookie' => 'Hm_lvt_2f85a3983cf5632e1a1707a23feeef55=1604668763,1604723208,1604804147,1604928201; Hm_lpvt_2f85a3983cf5632e1a1707a23feeef55=1604928201',
  'accept-language' => 'zh-CN,zh;q=0.9',
  'accept-encoding' => 'gzip, deflate',
  'referer' => 'http://new.com/',
  'accept' => 'image/avif,image/webp,image/apng,image/*,*/*;q=0.8',
  'user-agent' => 'Mozilla/5.0 (Windows NT 6.1; Win64; x64) AppleWebKit/537.36 (KHTML, like Gecko) Chrome/86.0.4240.183 Safari/537.36',
  'connection' => 'close',
  'host' => 'new.com',
)
[ info ] [ PARAM ] array (
)
[ info ] [ LOG ] INIT File

---------------------------------------------------------------
[ 2020-11-09T21:23:24+08:00 ] 127.0.0.1 127.0.0.1 GET /static/image/gg.png
[ log ] new.com/static/image/gg.png [运行时间：0.015001s][吞吐率：66.66req/s] [内存消耗：996.48kb] [文件加载：27]
[ info ] [ LANG ] D:\phpstudy_pro\WWW\thinkphp_news\thinkphp\lang\zh-cn.php
[ info ] [ ROUTE ] array (
  'type' => 'module',
  'module' => 
  array (
    0 => 'static',
    1 => 'image',
    2 => 'gg.png',
  ),
)
[ info ] [ HEADER ] array (
  'cookie' => 'Hm_lvt_2f85a3983cf5632e1a1707a23feeef55=1604668763,1604723208,1604804147,1604928201; Hm_lpvt_2f85a3983cf5632e1a1707a23feeef55=1604928201',
  'accept-language' => 'zh-CN,zh;q=0.9',
  'accept-encoding' => 'gzip, deflate',
  'referer' => 'http://new.com/',
  'accept' => 'image/avif,image/webp,image/apng,image/*,*/*;q=0.8',
  'user-agent' => 'Mozilla/5.0 (Windows NT 6.1; Win64; x64) AppleWebKit/537.36 (KHTML, like Gecko) Chrome/86.0.4240.183 Safari/537.36',
  'connection' => 'close',
  'host' => 'new.com',
)
[ info ] [ PARAM ] array (
)
[ info ] [ LOG ] INIT File

---------------------------------------------------------------
[ 2020-11-09T21:23:37+08:00 ] 127.0.0.1 127.0.0.1 GET /
[ log ] new.com/ [运行时间：0.104006s][吞吐率：9.61req/s] [内存消耗：3,592.51kb] [文件加载：46]
[ info ] [ LANG ] D:\phpstudy_pro\WWW\thinkphp_news\thinkphp\lang\zh-cn.php
[ info ] [ ROUTE ] array (
  'type' => 'module',
  'module' => 
  array (
    0 => 'web',
    1 => 'index',
    2 => 'index',
  ),
  'convert' => false,
)
[ info ] [ HEADER ] array (
  'cookie' => 'Hm_lvt_2f85a3983cf5632e1a1707a23feeef55=1604668763,1604723208,1604804147,1604928201; Hm_lpvt_2f85a3983cf5632e1a1707a23feeef55=1604928204',
  'accept-language' => 'zh-CN,zh;q=0.9',
  'accept-encoding' => 'gzip, deflate',
  'accept' => 'text/html,application/xhtml+xml,application/xml;q=0.9,image/avif,image/webp,image/apng,*/*;q=0.8,application/signed-exchange;v=b3;q=0.9',
  'user-agent' => 'Mozilla/5.0 (Windows NT 6.1; Win64; x64) AppleWebKit/537.36 (KHTML, like Gecko) Chrome/86.0.4240.183 Safari/537.36',
  'upgrade-insecure-requests' => '1',
  'cache-control' => 'max-age=0',
  'connection' => 'close',
  'host' => 'new.com',
)
[ info ] [ PARAM ] array (
)
[ info ] [ DB ] INIT mysql
[ info ] [ RUN ] app\web\controller\Index->index[ D:\phpstudy_pro\WWW\thinkphp_news\app\web\controller\Index.php ]
[ info ] [ VIEW ] D:\phpstudy_pro\WWW\thinkphp_news\public/../app/web\view\index.html [ array (
  0 => 'version',
  1 => 'isMobile',
  2 => 'headerMap',
  3 => 'pathIndex',
  4 => 'title',
  5 => 'hotList',
  6 => 'week',
  7 => 'linkList',
  8 => 'seo',
  9 => 'newsData',
) ]
[ info ] [ LOG ] INIT File

---------------------------------------------------------------
[ 2020-11-09T21:23:37+08:00 ] 127.0.0.1 127.0.0.1 GET /static/image/logo4.png
[ log ] new.com/static/image/logo4.png [运行时间：0.015001s][吞吐率：66.66req/s] [内存消耗：996.52kb] [文件加载：27]
[ info ] [ LANG ] D:\phpstudy_pro\WWW\thinkphp_news\thinkphp\lang\zh-cn.php
[ info ] [ ROUTE ] array (
  'type' => 'module',
  'module' => 
  array (
    0 => 'static',
    1 => 'image',
    2 => 'logo4.png',
  ),
)
[ info ] [ HEADER ] array (
  'cookie' => 'Hm_lvt_2f85a3983cf5632e1a1707a23feeef55=1604668763,1604723208,1604804147,1604928201; Hm_lpvt_2f85a3983cf5632e1a1707a23feeef55=1604928204',
  'accept-language' => 'zh-CN,zh;q=0.9',
  'accept-encoding' => 'gzip, deflate',
  'referer' => 'http://new.com/',
  'accept' => 'image/avif,image/webp,image/apng,image/*,*/*;q=0.8',
  'user-agent' => 'Mozilla/5.0 (Windows NT 6.1; Win64; x64) AppleWebKit/537.36 (KHTML, like Gecko) Chrome/86.0.4240.183 Safari/537.36',
  'connection' => 'close',
  'host' => 'new.com',
)
[ info ] [ PARAM ] array (
)
[ info ] [ LOG ] INIT File

---------------------------------------------------------------
[ 2020-11-09T21:23:37+08:00 ] 127.0.0.1 127.0.0.1 GET /static/image/trophy3.png
[ log ] new.com/static/image/trophy3.png [运行时间：0.015001s][吞吐率：66.66req/s] [内存消耗：996.56kb] [文件加载：27]
[ info ] [ LANG ] D:\phpstudy_pro\WWW\thinkphp_news\thinkphp\lang\zh-cn.php
[ info ] [ ROUTE ] array (
  'type' => 'module',
  'module' => 
  array (
    0 => 'static',
    1 => 'image',
    2 => 'trophy3.png',
  ),
)
[ info ] [ HEADER ] array (
  'cookie' => 'Hm_lvt_2f85a3983cf5632e1a1707a23feeef55=1604668763,1604723208,1604804147,1604928201; Hm_lpvt_2f85a3983cf5632e1a1707a23feeef55=1604928204',
  'accept-language' => 'zh-CN,zh;q=0.9',
  'accept-encoding' => 'gzip, deflate',
  'referer' => 'http://new.com/',
  'accept' => 'image/avif,image/webp,image/apng,image/*,*/*;q=0.8',
  'user-agent' => 'Mozilla/5.0 (Windows NT 6.1; Win64; x64) AppleWebKit/537.36 (KHTML, like Gecko) Chrome/86.0.4240.183 Safari/537.36',
  'connection' => 'close',
  'host' => 'new.com',
)
[ info ] [ PARAM ] array (
)
[ info ] [ LOG ] INIT File

---------------------------------------------------------------
[ 2020-11-09T21:23:37+08:00 ] 127.0.0.1 127.0.0.1 GET /static/image/gg.png
[ log ] new.com/static/image/gg.png [运行时间：0.016001s][吞吐率：62.50req/s] [内存消耗：996.48kb] [文件加载：27]
[ info ] [ LANG ] D:\phpstudy_pro\WWW\thinkphp_news\thinkphp\lang\zh-cn.php
[ info ] [ ROUTE ] array (
  'type' => 'module',
  'module' => 
  array (
    0 => 'static',
    1 => 'image',
    2 => 'gg.png',
  ),
)
[ info ] [ HEADER ] array (
  'cookie' => 'Hm_lvt_2f85a3983cf5632e1a1707a23feeef55=1604668763,1604723208,1604804147,1604928201; Hm_lpvt_2f85a3983cf5632e1a1707a23feeef55=1604928204',
  'accept-language' => 'zh-CN,zh;q=0.9',
  'accept-encoding' => 'gzip, deflate',
  'referer' => 'http://new.com/',
  'accept' => 'image/avif,image/webp,image/apng,image/*,*/*;q=0.8',
  'user-agent' => 'Mozilla/5.0 (Windows NT 6.1; Win64; x64) AppleWebKit/537.36 (KHTML, like Gecko) Chrome/86.0.4240.183 Safari/537.36',
  'connection' => 'close',
  'host' => 'new.com',
)
[ info ] [ PARAM ] array (
)
[ info ] [ LOG ] INIT File

---------------------------------------------------------------
[ 2020-11-09T21:23:37+08:00 ] 127.0.0.1 127.0.0.1 GET /static/image/trophy1.png
[ log ] new.com/static/image/trophy1.png [运行时间：0.016001s][吞吐率：62.50req/s] [内存消耗：996.56kb] [文件加载：27]
[ info ] [ LANG ] D:\phpstudy_pro\WWW\thinkphp_news\thinkphp\lang\zh-cn.php
[ info ] [ ROUTE ] array (
  'type' => 'module',
  'module' => 
  array (
    0 => 'static',
    1 => 'image',
    2 => 'trophy1.png',
  ),
)
[ info ] [ HEADER ] array (
  'cookie' => 'Hm_lvt_2f85a3983cf5632e1a1707a23feeef55=1604668763,1604723208,1604804147,1604928201; Hm_lpvt_2f85a3983cf5632e1a1707a23feeef55=1604928204',
  'accept-language' => 'zh-CN,zh;q=0.9',
  'accept-encoding' => 'gzip, deflate',
  'referer' => 'http://new.com/',
  'accept' => 'image/avif,image/webp,image/apng,image/*,*/*;q=0.8',
  'user-agent' => 'Mozilla/5.0 (Windows NT 6.1; Win64; x64) AppleWebKit/537.36 (KHTML, like Gecko) Chrome/86.0.4240.183 Safari/537.36',
  'connection' => 'close',
  'host' => 'new.com',
)
[ info ] [ PARAM ] array (
)
[ info ] [ LOG ] INIT File

---------------------------------------------------------------
[ 2020-11-09T21:23:37+08:00 ] 127.0.0.1 127.0.0.1 GET /static/image/code.jpg
[ log ] new.com/static/image/code.jpg [运行时间：0.016001s][吞吐率：62.50req/s] [内存消耗：996.52kb] [文件加载：27]
[ info ] [ LANG ] D:\phpstudy_pro\WWW\thinkphp_news\thinkphp\lang\zh-cn.php
[ info ] [ ROUTE ] array (
  'type' => 'module',
  'module' => 
  array (
    0 => 'static',
    1 => 'image',
    2 => 'code.jpg',
  ),
)
[ info ] [ HEADER ] array (
  'cookie' => 'Hm_lvt_2f85a3983cf5632e1a1707a23feeef55=1604668763,1604723208,1604804147,1604928201; Hm_lpvt_2f85a3983cf5632e1a1707a23feeef55=1604928204',
  'accept-language' => 'zh-CN,zh;q=0.9',
  'accept-encoding' => 'gzip, deflate',
  'referer' => 'http://new.com/',
  'accept' => 'image/avif,image/webp,image/apng,image/*,*/*;q=0.8',
  'user-agent' => 'Mozilla/5.0 (Windows NT 6.1; Win64; x64) AppleWebKit/537.36 (KHTML, like Gecko) Chrome/86.0.4240.183 Safari/537.36',
  'connection' => 'close',
  'host' => 'new.com',
)
[ info ] [ PARAM ] array (
)
[ info ] [ LOG ] INIT File

---------------------------------------------------------------
